mode: set
codeberg.org/snonux/yoga/cmd/yoga/main.go:22.13,24.2 1 1
codeberg.org/snonux/yoga/cmd/yoga/main.go:26.55,32.39 6 1
codeberg.org/snonux/yoga/cmd/yoga/main.go:32.39,34.3 1 0
codeberg.org/snonux/yoga/cmd/yoga/main.go:35.2,35.18 1 1
codeberg.org/snonux/yoga/cmd/yoga/main.go:35.18,38.3 2 1
codeberg.org/snonux/yoga/cmd/yoga/main.go:39.2,40.16 2 1
codeberg.org/snonux/yoga/cmd/yoga/main.go:40.16,43.3 2 0
codeberg.org/snonux/yoga/cmd/yoga/main.go:44.2,45.37 2 1
codeberg.org/snonux/yoga/cmd/yoga/main.go:45.37,48.3 2 1
codeberg.org/snonux/yoga/cmd/yoga/main.go:49.2,49.10 1 1
codeberg.org/snonux/yoga/internal/tags/tags.go:13.39,15.36 2 1
codeberg.org/snonux/yoga/internal/tags/tags.go:15.36,17.3 1 1
codeberg.org/snonux/yoga/internal/tags/tags.go:18.2,18.28 1 0
codeberg.org/snonux/yoga/internal/tags/tags.go:22.47,25.16 3 1
codeberg.org/snonux/yoga/internal/tags/tags.go:25.16,26.37 1 1
codeberg.org/snonux/yoga/internal/tags/tags.go:26.37,28.4 1 1
codeberg.org/snonux/yoga/internal/tags/tags.go:29.3,29.18 1 0
codeberg.org/snonux/yoga/internal/tags/tags.go:31.2,32.54 2 1
codeberg.org/snonux/yoga/internal/tags/tags.go:32.54,34.3 1 0
codeberg.org/snonux/yoga/internal/tags/tags.go:35.2,35.30 1 1
codeberg.org/snonux/yoga/internal/tags/tags.go:39.55,43.16 4 1
codeberg.org/snonux/yoga/internal/tags/tags.go:43.16,45.3 1 0
codeberg.org/snonux/yoga/internal/tags/tags.go:46.2,46.51 1 1
codeberg.org/snonux/yoga/internal/tags/tags.go:49.38,50.19 1 1
codeberg.org/snonux/yoga/internal/tags/tags.go:50.19,52.3 1 0
codeberg.org/snonux/yoga/internal/tags/tags.go:53.2,55.26 3 1
codeberg.org/snonux/yoga/internal/tags/tags.go:55.26,57.20 2 1
codeberg.org/snonux/yoga/internal/tags/tags.go:57.20,58.12 1 0
codeberg.org/snonux/yoga/internal/tags/tags.go:60.3,61.36 2 1
codeberg.org/snonux/yoga/internal/tags/tags.go:61.36,62.12 1 1
codeberg.org/snonux/yoga/internal/tags/tags.go:64.3,65.40 2 1
codeberg.org/snonux/yoga/internal/tags/tags.go:67.2,68.16 2 1
codeberg.org/snonux/yoga/internal/fsutil/path.go:15.66,18.16 3 1
codeberg.org/snonux/yoga/internal/fsutil/path.go:18.16,20.3 1 0
codeberg.org/snonux/yoga/internal/fsutil/path.go:21.2,22.16 2 1
codeberg.org/snonux/yoga/internal/fsutil/path.go:22.16,24.3 1 0
codeberg.org/snonux/yoga/internal/fsutil/path.go:25.2,26.16 2 1
codeberg.org/snonux/yoga/internal/fsutil/path.go:26.16,28.3 1 1
codeberg.org/snonux/yoga/internal/fsutil/path.go:29.2,29.47 1 1
codeberg.org/snonux/yoga/internal/fsutil/path.go:29.47,31.3 1 0
codeberg.org/snonux/yoga/internal/fsutil/path.go:32.2,32.17 1 1
codeberg.org/snonux/yoga/internal/fsutil/path.go:35.84,37.19 2 1
codeberg.org/snonux/yoga/internal/fsutil/path.go:37.19,39.3 1 1
codeberg.org/snonux/yoga/internal/fsutil/path.go:40.2,40.23 1 1
codeberg.org/snonux/yoga/internal/fsutil/path.go:43.75,45.16 2 1
codeberg.org/snonux/yoga/internal/fsutil/path.go:45.16,47.3 1 1
codeberg.org/snonux/yoga/internal/fsutil/path.go:48.2,48.37 1 1
codeberg.org/snonux/yoga/internal/fsutil/path.go:48.37,50.3 1 0
codeberg.org/snonux/yoga/internal/fsutil/path.go:51.2,51.18 1 1
codeberg.org/snonux/yoga/internal/fsutil/path.go:51.18,53.3 1 1
codeberg.org/snonux/yoga/internal/fsutil/path.go:54.2,54.53 1 1
codeberg.org/snonux/yoga/internal/fsutil/path.go:54.53,56.3 1 0
codeberg.org/snonux/yoga/internal/fsutil/path.go:57.2,58.16 2 1
codeberg.org/snonux/yoga/internal/fsutil/path.go:58.16,60.3 1 0
codeberg.org/snonux/yoga/internal/fsutil/path.go:61.2,61.18 1 1
codeberg.org/snonux/yoga/internal/fsutil/path.go:64.43,65.28 1 1
codeberg.org/snonux/yoga/internal/fsutil/path.go:65.28,67.3 1 1
codeberg.org/snonux/yoga/internal/fsutil/path.go:68.2,68.17 1 1
codeberg.org/snonux/yoga/internal/fsutil/path.go:68.17,70.17 2 1
codeberg.org/snonux/yoga/internal/fsutil/path.go:70.17,72.4 1 0
codeberg.org/snonux/yoga/internal/fsutil/path.go:73.3,73.19 1 1
codeberg.org/snonux/yoga/internal/fsutil/path.go:75.2,75.17 1 1
codeberg.org/snonux/yoga/internal/fsutil/path.go:75.17,77.17 2 1
codeberg.org/snonux/yoga/internal/fsutil/path.go:77.17,79.4 1 0
codeberg.org/snonux/yoga/internal/fsutil/path.go:80.3,80.41 1 1
codeberg.org/snonux/yoga/internal/fsutil/path.go:82.2,84.16 3 1
codeberg.org/snonux/yoga/internal/fsutil/path.go:84.16,86.3 1 1
codeberg.org/snonux/yoga/internal/fsutil/path.go:87.2,87.16 1 1
codeberg.org/snonux/yoga/internal/fsutil/path.go:87.16,89.3 1 1
codeberg.org/snonux/yoga/internal/fsutil/path.go:90.2,90.46 1 0
codeberg.org/snonux/yoga/internal/fsutil/path.go:93.47,95.15 2 1
codeberg.org/snonux/yoga/internal/fsutil/path.go:95.15,97.3 1 1
codeberg.org/snonux/yoga/internal/fsutil/path.go:98.2,98.26 1 1
codeberg.org/snonux/yoga/internal/app/app.go:13.51,15.2 1 0
codeberg.org/snonux/yoga/internal/app/app.go:18.30,20.16 2 1
codeberg.org/snonux/yoga/internal/app/app.go:20.16,22.3 1 0
codeberg.org/snonux/yoga/internal/app/app.go:23.2,24.41 2 1
codeberg.org/snonux/yoga/internal/app/app.go:24.41,26.3 1 1
codeberg.org/snonux/yoga/internal/app/app.go:27.2,27.12 1 1
codeberg.org/snonux/yoga/internal/app/duration_cache.go:25.51,27.2 1 1
codeberg.org/snonux/yoga/internal/app/duration_cache.go:29.61,32.16 3 1
codeberg.org/snonux/yoga/internal/app/duration_cache.go:32.16,33.37 1 1
codeberg.org/snonux/yoga/internal/app/duration_cache.go:33.37,35.4 1 1
codeberg.org/snonux/yoga/internal/app/duration_cache.go:36.3,36.20 1 0
codeberg.org/snonux/yoga/internal/app/duration_cache.go:38.2,38.20 1 1
codeberg.org/snonux/yoga/internal/app/duration_cache.go:38.20,40.3 1 0
codeberg.org/snonux/yoga/internal/app/duration_cache.go:41.2,41.61 1 1
codeberg.org/snonux/yoga/internal/app/duration_cache.go:41.61,44.3 2 1
codeberg.org/snonux/yoga/internal/app/duration_cache.go:45.2,45.19 1 1
codeberg.org/snonux/yoga/internal/app/duration_cache.go:48.85,52.9 4 1
codeberg.org/snonux/yoga/internal/app/duration_cache.go:52.9,54.3 1 1
codeberg.org/snonux/yoga/internal/app/duration_cache.go:55.2,55.77 1 1
codeberg.org/snonux/yoga/internal/app/duration_cache.go:55.77,59.3 3 1
codeberg.org/snonux/yoga/internal/app/duration_cache.go:60.2,60.32 1 1
codeberg.org/snonux/yoga/internal/app/duration_cache.go:60.32,62.3 1 0
codeberg.org/snonux/yoga/internal/app/duration_cache.go:63.2,63.74 1 1
codeberg.org/snonux/yoga/internal/app/duration_cache.go:66.88,67.26 1 1
codeberg.org/snonux/yoga/internal/app/duration_cache.go:67.26,69.3 1 0
codeberg.org/snonux/yoga/internal/app/duration_cache.go:70.2,72.22 3 1
codeberg.org/snonux/yoga/internal/app/duration_cache.go:72.22,74.3 1 0
codeberg.org/snonux/yoga/internal/app/duration_cache.go:75.2,81.12 3 1
codeberg.org/snonux/yoga/internal/app/duration_cache.go:84.39,85.14 1 1
codeberg.org/snonux/yoga/internal/app/duration_cache.go:85.14,87.3 1 0
codeberg.org/snonux/yoga/internal/app/duration_cache.go:88.2,89.14 2 1
codeberg.org/snonux/yoga/internal/app/duration_cache.go:89.14,92.3 2 1
codeberg.org/snonux/yoga/internal/app/duration_cache.go:93.2,94.30 2 1
codeberg.org/snonux/yoga/internal/app/duration_cache.go:94.30,96.3 1 1
codeberg.org/snonux/yoga/internal/app/duration_cache.go:97.2,100.16 4 1
codeberg.org/snonux/yoga/internal/app/duration_cache.go:100.16,102.3 1 0
codeberg.org/snonux/yoga/internal/app/duration_cache.go:103.2,103.42 1 1
codeberg.org/snonux/yoga/internal/app/filters.go:28.43,35.61 6 1
codeberg.org/snonux/yoga/internal/app/filters.go:35.61,37.3 1 0
codeberg.org/snonux/yoga/internal/app/filters.go:38.2,38.61 1 1
codeberg.org/snonux/yoga/internal/app/filters.go:38.61,40.3 1 0
codeberg.org/snonux/yoga/internal/app/filters.go:41.2,41.89 1 1
codeberg.org/snonux/yoga/internal/app/filters.go:41.89,43.3 1 0
codeberg.org/snonux/yoga/internal/app/filters.go:44.2,45.12 2 1
codeberg.org/snonux/yoga/internal/app/filters.go:48.62,49.17 1 1
codeberg.org/snonux/yoga/internal/app/filters.go:49.17,51.3 1 1
codeberg.org/snonux/yoga/internal/app/filters.go:52.2,53.16 2 1
codeberg.org/snonux/yoga/internal/app/filters.go:53.16,55.3 1 1
codeberg.org/snonux/yoga/internal/app/filters.go:56.2,56.17 1 1
codeberg.org/snonux/yoga/internal/app/filters.go:56.17,58.3 1 1
codeberg.org/snonux/yoga/internal/app/filters.go:59.2,61.12 3 1
codeberg.org/snonux/yoga/internal/app/filters.go:64.62,65.17 1 1
codeberg.org/snonux/yoga/internal/app/filters.go:65.17,67.3 1 1
codeberg.org/snonux/yoga/internal/app/filters.go:68.2,69.16 2 1
codeberg.org/snonux/yoga/internal/app/filters.go:69.16,71.3 1 1
codeberg.org/snonux/yoga/internal/app/filters.go:72.2,72.17 1 1
codeberg.org/snonux/yoga/internal/app/filters.go:72.17,74.3 1 1
codeberg.org/snonux/yoga/internal/app/filters.go:75.2,77.12 3 1
codeberg.org/snonux/yoga/internal/app/filters.go:80.32,82.33 2 1
codeberg.org/snonux/yoga/internal/app/filters.go:82.33,84.3 1 1
codeberg.org/snonux/yoga/internal/app/filters.go:87.73,90.31 3 1
codeberg.org/snonux/yoga/internal/app/filters.go:90.31,94.3 3 1
codeberg.org/snonux/yoga/internal/app/filters.go:95.2,95.35 1 1
codeberg.org/snonux/yoga/internal/app/filters.go:98.41,100.26 2 1
codeberg.org/snonux/yoga/internal/app/filters.go:100.26,102.3 1 1
codeberg.org/snonux/yoga/internal/app/filters.go:103.2,103.26 1 1
codeberg.org/snonux/yoga/internal/app/filters.go:103.26,105.3 1 1
codeberg.org/snonux/yoga/internal/app/filters.go:106.2,106.26 1 1
codeberg.org/snonux/yoga/internal/app/filters.go:106.26,108.3 1 1
codeberg.org/snonux/yoga/internal/app/filters.go:109.2,109.26 1 1
codeberg.org/snonux/yoga/internal/app/filters.go:109.26,111.3 1 1
codeberg.org/snonux/yoga/internal/app/filters.go:112.2,112.21 1 1
codeberg.org/snonux/yoga/internal/app/filters.go:112.21,114.3 1 0
codeberg.org/snonux/yoga/internal/app/filters.go:115.2,115.34 1 1
codeberg.org/snonux/yoga/internal/app/filters.go:118.45,119.105 1 1
codeberg.org/snonux/yoga/internal/app/filters.go:119.105,121.3 1 1
codeberg.org/snonux/yoga/internal/app/filters.go:122.2,123.84 2 1
codeberg.org/snonux/yoga/internal/app/filters.go:123.84,125.3 1 1
codeberg.org/snonux/yoga/internal/app/filters.go:126.2,126.84 1 1
codeberg.org/snonux/yoga/internal/app/filters.go:126.84,128.3 1 1
codeberg.org/snonux/yoga/internal/app/filters.go:129.2,129.26 1 1
codeberg.org/snonux/yoga/internal/app/filters.go:129.26,132.30 3 1
codeberg.org/snonux/yoga/internal/app/filters.go:132.30,133.53 1 1
codeberg.org/snonux/yoga/internal/app/filters.go:133.53,135.10 2 1
codeberg.org/snonux/yoga/internal/app/filters.go:138.3,138.15 1 1
codeberg.org/snonux/yoga/internal/app/filters.go:138.15,140.4 1 1
codeberg.org/snonux/yoga/internal/app/filters.go:142.2,142.13 1 1
codeberg.org/snonux/yoga/internal/app/filters.go:145.44,150.40 5 1
codeberg.org/snonux/yoga/internal/app/filters.go:150.40,152.26 2 1
codeberg.org/snonux/yoga/internal/app/filters.go:152.26,154.4 1 1
codeberg.org/snonux/yoga/internal/app/filters.go:155.3,156.22 2 1
codeberg.org/snonux/yoga/internal/app/filters.go:158.2,158.74 1 1
codeberg.org/snonux/yoga/internal/app/filters.go:158.74,162.3 3 0
codeberg.org/snonux/yoga/internal/app/filters.go:163.2,163.39 1 1
codeberg.org/snonux/yoga/internal/app/load_progress.go:12.32,13.14 1 1
codeberg.org/snonux/yoga/internal/app/load_progress.go:13.14,15.3 1 0
codeberg.org/snonux/yoga/internal/app/load_progress.go:16.2,20.15 5 1
codeberg.org/snonux/yoga/internal/app/load_progress.go:23.44,24.14 1 1
codeberg.org/snonux/yoga/internal/app/load_progress.go:24.14,26.3 1 0
codeberg.org/snonux/yoga/internal/app/load_progress.go:27.2,29.15 3 1
codeberg.org/snonux/yoga/internal/app/load_progress.go:32.36,33.14 1 1
codeberg.org/snonux/yoga/internal/app/load_progress.go:33.14,35.3 1 0
codeberg.org/snonux/yoga/internal/app/load_progress.go:36.2,38.15 3 1
codeberg.org/snonux/yoga/internal/app/load_progress.go:41.35,42.14 1 1
codeberg.org/snonux/yoga/internal/app/load_progress.go:42.14,44.3 1 0
codeberg.org/snonux/yoga/internal/app/load_progress.go:45.2,47.15 3 1
codeberg.org/snonux/yoga/internal/app/load_progress.go:50.69,51.14 1 1
codeberg.org/snonux/yoga/internal/app/load_progress.go:51.14,53.3 1 0
codeberg.org/snonux/yoga/internal/app/load_progress.go:54.2,56.37 3 1
codeberg.org/snonux/yoga/internal/app/loader.go:21.76,22.24 1 1
codeberg.org/snonux/yoga/internal/app/loader.go:22.24,25.22 3 1
codeberg.org/snonux/yoga/internal/app/loader.go:25.22,27.4 1 1
codeberg.org/snonux/yoga/internal/app/loader.go:28.3,28.119 1 1
codeberg.org/snonux/yoga/internal/app/loader.go:32.56,33.21 1 1
codeberg.org/snonux/yoga/internal/app/loader.go:33.21,35.3 1 1
codeberg.org/snonux/yoga/internal/app/loader.go:36.2,36.64 1 1
codeberg.org/snonux/yoga/internal/app/loader.go:36.64,39.3 2 1
codeberg.org/snonux/yoga/internal/app/loader.go:42.110,44.16 2 1
codeberg.org/snonux/yoga/internal/app/loader.go:44.16,46.3 1 0
codeberg.org/snonux/yoga/internal/app/loader.go:47.2,47.21 1 1
codeberg.org/snonux/yoga/internal/app/loader.go:47.21,49.3 1 1
codeberg.org/snonux/yoga/internal/app/loader.go:50.2,53.29 4 1
codeberg.org/snonux/yoga/internal/app/loader.go:53.29,55.21 2 1
codeberg.org/snonux/yoga/internal/app/loader.go:55.21,58.12 3 1
codeberg.org/snonux/yoga/internal/app/loader.go:60.3,61.15 2 1
codeberg.org/snonux/yoga/internal/app/loader.go:61.15,63.4 1 1
codeberg.org/snonux/yoga/internal/app/loader.go:64.3,65.20 2 1
codeberg.org/snonux/yoga/internal/app/loader.go:65.20,67.4 1 0
codeberg.org/snonux/yoga/internal/app/loader.go:68.3,76.22 2 1
codeberg.org/snonux/yoga/internal/app/loader.go:78.2,78.52 1 1
codeberg.org/snonux/yoga/internal/app/loader.go:81.42,82.24 1 1
codeberg.org/snonux/yoga/internal/app/loader.go:82.24,84.3 1 1
codeberg.org/snonux/yoga/internal/app/loader.go:85.2,85.49 1 0
codeberg.org/snonux/yoga/internal/app/loader.go:88.40,89.21 1 1
codeberg.org/snonux/yoga/internal/app/loader.go:89.21,91.3 1 1
codeberg.org/snonux/yoga/internal/app/loader.go:94.88,95.18 1 1
codeberg.org/snonux/yoga/internal/app/loader.go:95.18,97.3 1 1
codeberg.org/snonux/yoga/internal/app/loader.go:98.2,99.9 2 1
codeberg.org/snonux/yoga/internal/app/loader.go:99.9,101.3 1 1
codeberg.org/snonux/yoga/internal/app/loader.go:102.2,102.12 1 1
codeberg.org/snonux/yoga/internal/app/loader.go:105.55,107.16 2 1
codeberg.org/snonux/yoga/internal/app/loader.go:107.16,109.3 1 0
codeberg.org/snonux/yoga/internal/app/loader.go:110.2,110.19 1 1
codeberg.org/snonux/yoga/internal/app/loader.go:110.19,111.20 1 0
codeberg.org/snonux/yoga/internal/app/loader.go:111.20,113.4 1 0
codeberg.org/snonux/yoga/internal/app/loader.go:114.3,114.18 1 0
codeberg.org/snonux/yoga/internal/app/loader.go:116.2,118.72 3 1
codeberg.org/snonux/yoga/internal/app/loader.go:118.72,120.3 1 0
codeberg.org/snonux/yoga/internal/app/loader.go:121.2,122.19 2 1
codeberg.org/snonux/yoga/internal/app/loader.go:125.105,127.16 2 1
codeberg.org/snonux/yoga/internal/app/loader.go:127.16,129.3 1 0
codeberg.org/snonux/yoga/internal/app/loader.go:130.2,131.40 2 1
codeberg.org/snonux/yoga/internal/app/loader.go:131.40,133.3 1 0
codeberg.org/snonux/yoga/internal/app/loader.go:134.2,137.16 3 1
codeberg.org/snonux/yoga/internal/app/loader.go:137.16,139.3 1 0
codeberg.org/snonux/yoga/internal/app/loader.go:140.2,140.32 1 1
codeberg.org/snonux/yoga/internal/app/loader.go:140.32,145.29 5 1
codeberg.org/snonux/yoga/internal/app/loader.go:145.29,147.18 2 1
codeberg.org/snonux/yoga/internal/app/loader.go:147.18,149.5 1 0
codeberg.org/snonux/yoga/internal/app/loader.go:150.4,150.22 1 1
codeberg.org/snonux/yoga/internal/app/loader.go:152.3,152.31 1 1
codeberg.org/snonux/yoga/internal/app/loader.go:152.31,153.79 1 1
codeberg.org/snonux/yoga/internal/app/loader.go:153.79,155.5 1 0
codeberg.org/snonux/yoga/internal/app/loader.go:156.4,156.12 1 1
codeberg.org/snonux/yoga/internal/app/loader.go:158.3,158.19 1 1
codeberg.org/snonux/yoga/internal/app/loader.go:158.19,159.84 1 0
codeberg.org/snonux/yoga/internal/app/loader.go:159.84,161.5 1 0
codeberg.org/snonux/yoga/internal/app/loader.go:162.4,162.12 1 0
codeberg.org/snonux/yoga/internal/app/loader.go:164.3,164.28 1 1
codeberg.org/snonux/yoga/internal/app/loader.go:164.28,166.4 1 1
codeberg.org/snonux/yoga/internal/app/loader.go:168.2,168.12 1 1
codeberg.org/snonux/yoga/internal/app/loader.go:171.102,173.16 2 1
codeberg.org/snonux/yoga/internal/app/loader.go:173.16,175.3 1 1
codeberg.org/snonux/yoga/internal/app/loader.go:176.2,177.16 2 1
codeberg.org/snonux/yoga/internal/app/loader.go:177.16,179.3 1 0
codeberg.org/snonux/yoga/internal/app/loader.go:180.2,180.24 1 1
codeberg.org/snonux/yoga/internal/app/loader.go:180.24,182.3 1 1
codeberg.org/snonux/yoga/internal/app/loader.go:183.2,183.50 1 0
codeberg.org/snonux/yoga/internal/app/loader.go:183.50,185.3 1 0
codeberg.org/snonux/yoga/internal/app/loader.go:186.2,186.12 1 0
codeberg.org/snonux/yoga/internal/app/loader.go:189.54,190.19 1 1
codeberg.org/snonux/yoga/internal/app/loader.go:190.19,192.3 1 1
codeberg.org/snonux/yoga/internal/app/loader.go:193.2,193.12 1 1
codeberg.org/snonux/yoga/internal/app/loader.go:196.67,197.24 1 1
codeberg.org/snonux/yoga/internal/app/loader.go:197.24,199.33 2 1
codeberg.org/snonux/yoga/internal/app/loader.go:199.33,200.54 1 0
codeberg.org/snonux/yoga/internal/app/loader.go:200.54,202.5 1 0
codeberg.org/snonux/yoga/internal/app/loader.go:204.3,204.64 1 1
codeberg.org/snonux/yoga/internal/app/loader.go:208.56,214.16 5 1
codeberg.org/snonux/yoga/internal/app/loader.go:214.16,216.3 1 1
codeberg.org/snonux/yoga/internal/app/loader.go:217.2,218.15 2 1
codeberg.org/snonux/yoga/internal/app/loader.go:218.15,220.3 1 0
codeberg.org/snonux/yoga/internal/app/loader.go:221.2,222.16 2 1
codeberg.org/snonux/yoga/internal/app/loader.go:222.16,224.3 1 0
codeberg.org/snonux/yoga/internal/app/loader.go:225.2,225.59 1 1
codeberg.org/snonux/yoga/internal/app/loader.go:228.46,229.24 1 1
codeberg.org/snonux/yoga/internal/app/loader.go:229.24,232.37 3 1
codeberg.org/snonux/yoga/internal/app/loader.go:232.37,234.4 1 0
codeberg.org/snonux/yoga/internal/app/loader.go:235.3,235.13 1 1
codeberg.org/snonux/yoga/internal/app/loader.go:235.13,235.31 1 1
codeberg.org/snonux/yoga/internal/app/loader.go:236.3,236.34 1 1
codeberg.org/snonux/yoga/internal/app/loader.go:240.47,242.16 2 1
codeberg.org/snonux/yoga/internal/app/loader.go:242.16,244.3 1 0
codeberg.org/snonux/yoga/internal/app/loader.go:245.2,245.27 1 1
codeberg.org/snonux/yoga/internal/app/loader.go:248.32,252.2 3 1
codeberg.org/snonux/yoga/internal/app/loader.go:255.62,257.2 1 1
codeberg.org/snonux/yoga/internal/app/model.go:63.44,87.2 7 1
codeberg.org/snonux/yoga/internal/app/model.go:89.31,103.2 4 1
codeberg.org/snonux/yoga/internal/app/model.go:105.39,130.2 17 1
codeberg.org/snonux/yoga/internal/app/model.go:132.38,138.2 5 1
codeberg.org/snonux/yoga/internal/app/model.go:140.84,147.2 1 1
codeberg.org/snonux/yoga/internal/app/model.go:149.31,150.23 1 1
codeberg.org/snonux/yoga/internal/app/model.go:150.23,152.3 1 1
codeberg.org/snonux/yoga/internal/app/model.go:153.2,154.23 2 1
codeberg.org/snonux/yoga/internal/app/model.go:154.23,156.3 1 1
codeberg.org/snonux/yoga/internal/app/model.go:157.2,157.16 1 0
codeberg.org/snonux/yoga/internal/app/model.go:160.57,161.29 1 1
codeberg.org/snonux/yoga/internal/app/model.go:162.18,163.31 1 1
codeberg.org/snonux/yoga/internal/app/model.go:164.25,165.39 1 1
codeberg.org/snonux/yoga/internal/app/model.go:166.25,167.39 1 1
codeberg.org/snonux/yoga/internal/app/model.go:168.23,169.37 1 1
codeberg.org/snonux/yoga/internal/app/model.go:170.20,171.39 1 1
codeberg.org/snonux/yoga/internal/app/model.go:172.24,173.38 1 0
codeberg.org/snonux/yoga/internal/app/model.go:174.20,175.34 1 0
codeberg.org/snonux/yoga/internal/app/model.go:176.25,177.35 1 1
codeberg.org/snonux/yoga/internal/app/model.go:178.10,179.28 1 0
codeberg.org/snonux/yoga/internal/app/model.go:183.30,184.15 1 1
codeberg.org/snonux/yoga/internal/app/model.go:184.15,186.3 1 0
codeberg.org/snonux/yoga/internal/app/model.go:187.2,188.19 2 1
codeberg.org/snonux/yoga/internal/app/model.go:188.19,190.3 1 0
codeberg.org/snonux/yoga/internal/app/model.go:191.2,191.19 1 1
codeberg.org/snonux/yoga/internal/app/model.go:191.19,193.3 1 0
codeberg.org/snonux/yoga/internal/app/model.go:194.2,194.13 1 1
codeberg.org/snonux/yoga/internal/app/model.go:197.36,205.24 6 1
codeberg.org/snonux/yoga/internal/app/model.go:205.24,207.3 1 0
codeberg.org/snonux/yoga/internal/app/model.go:208.2,209.16 2 1
codeberg.org/snonux/yoga/internal/app/model.go:209.16,212.3 2 1
codeberg.org/snonux/yoga/internal/app/model.go:213.2,213.34 1 1
codeberg.org/snonux/yoga/internal/app/model.go:216.36,219.16 3 1
codeberg.org/snonux/yoga/internal/app/model.go:219.16,221.3 1 1
codeberg.org/snonux/yoga/internal/app/model.go:222.2,222.36 1 1
codeberg.org/snonux/yoga/internal/app/model.go:222.36,224.3 1 1
codeberg.org/snonux/yoga/internal/app/model.go:225.2,225.47 1 1
codeberg.org/snonux/yoga/internal/app/model.go:228.51,229.16 1 1
codeberg.org/snonux/yoga/internal/app/model.go:229.16,231.3 1 0
codeberg.org/snonux/yoga/internal/app/model.go:232.2,233.54 2 1
codeberg.org/snonux/yoga/internal/app/model.go:233.54,235.3 1 1
codeberg.org/snonux/yoga/internal/app/model.go:236.2,236.15 1 1
codeberg.org/snonux/yoga/internal/app/model.go:239.51,240.17 1 1
codeberg.org/snonux/yoga/internal/app/model.go:240.17,242.3 1 0
codeberg.org/snonux/yoga/internal/app/model.go:243.2,245.15 3 1
codeberg.org/snonux/yoga/internal/app/model.go:248.77,253.16 5 1
codeberg.org/snonux/yoga/internal/app/model.go:253.16,255.3 1 1
codeberg.org/snonux/yoga/internal/app/model.go:256.2,256.15 1 0
codeberg.org/snonux/yoga/internal/app/model.go:259.47,260.21 1 1
codeberg.org/snonux/yoga/internal/app/model.go:260.21,262.3 1 0
codeberg.org/snonux/yoga/internal/app/model.go:263.2,266.29 4 1
codeberg.org/snonux/yoga/internal/app/model.go:266.29,268.3 1 0
codeberg.org/snonux/yoga/internal/app/model.go:269.2,274.31 6 1
codeberg.org/snonux/yoga/internal/app/model.go:274.31,277.3 2 1
codeberg.org/snonux/yoga/internal/app/model.go:277.8,279.18 2 1
codeberg.org/snonux/yoga/internal/app/model.go:279.18,283.4 3 1
codeberg.org/snonux/yoga/internal/app/model.go:284.3,284.18 1 1
codeberg.org/snonux/yoga/internal/app/model.go:284.18,288.4 3 1
codeberg.org/snonux/yoga/internal/app/model.go:289.3,289.18 1 1
codeberg.org/snonux/yoga/internal/app/model.go:289.18,293.4 3 0
codeberg.org/snonux/yoga/internal/app/model.go:294.3,294.18 1 1
codeberg.org/snonux/yoga/internal/app/model.go:294.18,297.4 2 0
codeberg.org/snonux/yoga/internal/app/model.go:299.2,300.32 2 1
codeberg.org/snonux/yoga/internal/app/model.go:303.24,304.11 1 1
codeberg.org/snonux/yoga/internal/app/model.go:304.11,306.3 1 1
codeberg.org/snonux/yoga/internal/app/model.go:307.2,307.10 1 1
codeberg.org/snonux/yoga/internal/app/model.go:310.44,311.26 1 1
codeberg.org/snonux/yoga/internal/app/model.go:311.26,313.3 1 1
codeberg.org/snonux/yoga/internal/app/model.go:314.2,315.104 2 1
codeberg.org/snonux/yoga/internal/app/model.go:318.62,322.2 3 1
codeberg.org/snonux/yoga/internal/app/model.go:324.56,325.20 1 1
codeberg.org/snonux/yoga/internal/app/model.go:325.20,328.3 2 1
codeberg.org/snonux/yoga/internal/app/model.go:329.2,330.10 2 1
codeberg.org/snonux/yoga/internal/app/model.go:333.79,336.2 2 0
codeberg.org/snonux/yoga/internal/app/model.go:338.77,340.20 2 1
codeberg.org/snonux/yoga/internal/app/model.go:340.20,343.3 2 0
codeberg.org/snonux/yoga/internal/app/model.go:345.2,345.24 1 1
codeberg.org/snonux/yoga/internal/app/model.go:345.24,347.3 1 1
codeberg.org/snonux/yoga/internal/app/model.go:347.8,349.30 2 0
codeberg.org/snonux/yoga/internal/app/model.go:349.30,351.4 1 0
codeberg.org/snonux/yoga/internal/app/model.go:353.3,353.39 1 0
codeberg.org/snonux/yoga/internal/app/model.go:353.39,354.50 1 0
codeberg.org/snonux/yoga/internal/app/model.go:354.50,356.5 1 0
codeberg.org/snonux/yoga/internal/app/model.go:356.10,358.5 1 0
codeberg.org/snonux/yoga/internal/app/model.go:362.2,369.27 8 1
codeberg.org/snonux/yoga/internal/app/model.go:369.27,371.3 1 1
codeberg.org/snonux/yoga/internal/app/model.go:372.2,373.15 2 1
codeberg.org/snonux/yoga/internal/app/model.go:376.60,377.26 1 1
codeberg.org/snonux/yoga/internal/app/model.go:377.26,381.3 3 0
codeberg.org/snonux/yoga/internal/app/model.go:382.2,383.26 2 1
codeberg.org/snonux/yoga/internal/app/model.go:383.26,385.26 2 1
codeberg.org/snonux/yoga/internal/app/model.go:385.26,387.4 1 1
codeberg.org/snonux/yoga/internal/app/model.go:388.8,390.26 2 1
codeberg.org/snonux/yoga/internal/app/model.go:390.26,392.4 1 1
codeberg.org/snonux/yoga/internal/app/model.go:394.2,394.23 1 1
codeberg.org/snonux/yoga/internal/app/model.go:394.23,396.3 1 1
codeberg.org/snonux/yoga/internal/app/model.go:397.2,398.26 2 1
codeberg.org/snonux/yoga/internal/app/model.go:401.48,402.34 1 1
codeberg.org/snonux/yoga/internal/app/model.go:402.34,404.3 1 0
codeberg.org/snonux/yoga/internal/app/model.go:405.2,406.17 2 1
codeberg.org/snonux/yoga/internal/app/model.go:406.17,408.3 1 0
codeberg.org/snonux/yoga/internal/app/model.go:409.2,409.17 1 1
codeberg.org/snonux/yoga/internal/app/model.go:409.17,411.3 1 1
codeberg.org/snonux/yoga/internal/app/model.go:412.2,412.39 1 1
codeberg.org/snonux/yoga/internal/app/model.go:412.39,414.3 1 1
codeberg.org/snonux/yoga/internal/app/model.go:415.2,416.31 2 1
codeberg.org/snonux/yoga/internal/app/model.go:416.31,418.17 2 1
codeberg.org/snonux/yoga/internal/app/model.go:418.17,420.4 1 1
codeberg.org/snonux/yoga/internal/app/model.go:422.2,422.20 1 1
codeberg.org/snonux/yoga/internal/app/model.go:422.20,424.3 1 0
codeberg.org/snonux/yoga/internal/app/model.go:425.2,425.27 1 1
codeberg.org/snonux/yoga/internal/app/model.go:428.46,429.34 1 1
codeberg.org/snonux/yoga/internal/app/model.go:429.34,431.3 1 0
codeberg.org/snonux/yoga/internal/app/model.go:432.2,435.41 4 1
codeberg.org/snonux/yoga/internal/app/model.go:438.36,439.40 1 1
codeberg.org/snonux/yoga/internal/app/model.go:439.40,441.3 1 1
codeberg.org/snonux/yoga/internal/app/model.go:442.2,442.11 1 1
codeberg.org/snonux/yoga/internal/app/model.go:445.81,446.16 1 1
codeberg.org/snonux/yoga/internal/app/model.go:446.16,448.3 1 0
codeberg.org/snonux/yoga/internal/app/model.go:449.2,449.32 1 1
codeberg.org/snonux/yoga/internal/app/model.go:449.32,452.3 2 1
codeberg.org/snonux/yoga/internal/app/model.go:453.2,453.14 1 1
codeberg.org/snonux/yoga/internal/app/model.go:453.14,456.3 2 1
codeberg.org/snonux/yoga/internal/app/model.go:457.2,458.41 2 1
codeberg.org/snonux/yoga/internal/app/model_durations.go:11.81,12.20 1 1
codeberg.org/snonux/yoga/internal/app/model_durations.go:12.20,16.3 3 1
codeberg.org/snonux/yoga/internal/app/model_durations.go:17.2,17.28 1 1
codeberg.org/snonux/yoga/internal/app/model_durations.go:17.28,19.3 1 1
codeberg.org/snonux/yoga/internal/app/model_durations.go:20.2,23.30 4 1
codeberg.org/snonux/yoga/internal/app/model_durations.go:23.30,26.3 2 1
codeberg.org/snonux/yoga/internal/app/model_durations.go:27.2,28.15 2 1
codeberg.org/snonux/yoga/internal/app/model_durations.go:31.64,32.20 1 1
codeberg.org/snonux/yoga/internal/app/model_durations.go:32.20,35.3 2 1
codeberg.org/snonux/yoga/internal/app/model_durations.go:36.2,36.25 1 1
codeberg.org/snonux/yoga/internal/app/model_durations.go:36.25,38.3 1 1
codeberg.org/snonux/yoga/internal/app/model_durations.go:41.46,43.39 2 1
codeberg.org/snonux/yoga/internal/app/model_durations.go:43.39,45.3 1 0
codeberg.org/snonux/yoga/internal/app/model_durations.go:46.2,46.29 1 1
codeberg.org/snonux/yoga/internal/app/model_durations.go:49.47,50.16 1 1
codeberg.org/snonux/yoga/internal/app/model_durations.go:50.16,52.3 1 0
codeberg.org/snonux/yoga/internal/app/model_durations.go:53.2,53.35 1 1
codeberg.org/snonux/yoga/internal/app/model_durations.go:53.35,54.25 1 1
codeberg.org/snonux/yoga/internal/app/model_durations.go:54.25,57.4 2 1
codeberg.org/snonux/yoga/internal/app/model_durations.go:61.80,62.26 1 1
codeberg.org/snonux/yoga/internal/app/model_durations.go:62.26,63.31 1 1
codeberg.org/snonux/yoga/internal/app/model_durations.go:63.31,64.12 1 0
codeberg.org/snonux/yoga/internal/app/model_durations.go:66.3,68.9 3 1
codeberg.org/snonux/yoga/internal/app/model_durations.go:72.44,74.2 1 1
codeberg.org/snonux/yoga/internal/app/model_durations.go:76.39,77.20 1 1
codeberg.org/snonux/yoga/internal/app/model_durations.go:77.20,78.41 1 1
codeberg.org/snonux/yoga/internal/app/model_durations.go:78.41,80.4 1 0
codeberg.org/snonux/yoga/internal/app/model_durations.go:80.9,82.4 1 1
codeberg.org/snonux/yoga/internal/app/model_durations.go:83.3,84.9 2 1
codeberg.org/snonux/yoga/internal/app/model_durations.go:86.2,87.24 2 0
codeberg.org/snonux/yoga/internal/app/model_durations.go:90.38,95.2 4 1
codeberg.org/snonux/yoga/internal/app/model_keys.go:10.66,11.52 1 1
codeberg.org/snonux/yoga/internal/app/model_keys.go:11.52,13.3 1 0
codeberg.org/snonux/yoga/internal/app/model_keys.go:14.2,14.15 1 1
codeberg.org/snonux/yoga/internal/app/model_keys.go:14.15,16.3 1 0
codeberg.org/snonux/yoga/internal/app/model_keys.go:17.2,17.19 1 1
codeberg.org/snonux/yoga/internal/app/model_keys.go:17.19,19.3 1 0
codeberg.org/snonux/yoga/internal/app/model_keys.go:20.2,20.19 1 1
codeberg.org/snonux/yoga/internal/app/model_keys.go:20.19,22.3 1 1
codeberg.org/snonux/yoga/internal/app/model_keys.go:23.2,23.30 1 1
codeberg.org/snonux/yoga/internal/app/model_keys.go:26.55,27.22 1 1
codeberg.org/snonux/yoga/internal/app/model_keys.go:28.21,29.24 1 0
codeberg.org/snonux/yoga/internal/app/model_keys.go:30.10,31.20 1 1
codeberg.org/snonux/yoga/internal/app/model_keys.go:35.69,36.22 1 1
codeberg.org/snonux/yoga/internal/app/model_keys.go:37.13,40.16 3 0
codeberg.org/snonux/yoga/internal/app/model_keys.go:41.15,43.16 2 1
codeberg.org/snonux/yoga/internal/app/model_keys.go:44.13,45.63 1 1
codeberg.org/snonux/yoga/internal/app/model_keys.go:46.19,47.86 1 1
codeberg.org/snonux/yoga/internal/app/model_keys.go:49.2,52.15 4 1
codeberg.org/snonux/yoga/internal/app/model_keys.go:55.50,56.46 1 1
codeberg.org/snonux/yoga/internal/app/model_keys.go:56.46,59.3 2 0
codeberg.org/snonux/yoga/internal/app/model_keys.go:60.2,63.12 4 1
codeberg.org/snonux/yoga/internal/app/model_keys.go:66.35,67.33 1 1
codeberg.org/snonux/yoga/internal/app/model_keys.go:67.33,68.26 1 1
codeberg.org/snonux/yoga/internal/app/model_keys.go:68.26,70.12 2 1
codeberg.org/snonux/yoga/internal/app/model_keys.go:72.3,72.28 1 1
codeberg.org/snonux/yoga/internal/app/model_keys.go:76.68,77.22 1 1
codeberg.org/snonux/yoga/internal/app/model_keys.go:78.16,79.25 1 1
codeberg.org/snonux/yoga/internal/app/model_keys.go:80.15,81.27 1 0
codeberg.org/snonux/yoga/internal/app/model_keys.go:82.11,83.37 1 0
codeberg.org/snonux/yoga/internal/app/model_keys.go:84.11,85.41 1 1
codeberg.org/snonux/yoga/internal/app/model_keys.go:86.11,87.36 1 0
codeberg.org/snonux/yoga/internal/app/model_keys.go:88.11,89.24 1 1
codeberg.org/snonux/yoga/internal/app/model_keys.go:90.11,91.27 1 0
codeberg.org/snonux/yoga/internal/app/model_keys.go:92.11,93.25 1 1
codeberg.org/snonux/yoga/internal/app/model_keys.go:94.11,95.25 1 1
codeberg.org/snonux/yoga/internal/app/model_keys.go:96.11,97.30 1 1
codeberg.org/snonux/yoga/internal/app/model_keys.go:98.11,99.28 1 0
codeberg.org/snonux/yoga/internal/app/model_keys.go:99.28,99.57 1 0
codeberg.org/snonux/yoga/internal/app/model_keys.go:100.11,101.31 1 1
codeberg.org/snonux/yoga/internal/app/model_keys.go:102.10,103.28 1 1
codeberg.org/snonux/yoga/internal/app/model_keys.go:107.51,111.2 3 1
codeberg.org/snonux/yoga/internal/app/model_keys.go:113.53,114.26 1 1
codeberg.org/snonux/yoga/internal/app/model_keys.go:114.26,116.3 1 0
codeberg.org/snonux/yoga/internal/app/model_keys.go:117.2,118.39 2 1
codeberg.org/snonux/yoga/internal/app/model_keys.go:118.39,120.3 1 0
codeberg.org/snonux/yoga/internal/app/model_keys.go:121.2,123.52 3 1
codeberg.org/snonux/yoga/internal/app/model_keys.go:126.68,131.2 4 1
codeberg.org/snonux/yoga/internal/app/model_keys.go:133.50,134.23 1 1
codeberg.org/snonux/yoga/internal/app/model_keys.go:134.23,137.3 2 0
codeberg.org/snonux/yoga/internal/app/model_keys.go:138.2,139.19 2 1
codeberg.org/snonux/yoga/internal/app/model_keys.go:139.19,142.3 2 1
codeberg.org/snonux/yoga/internal/app/model_keys.go:143.2,144.15 2 1
codeberg.org/snonux/yoga/internal/app/model_keys.go:147.56,152.2 4 1
codeberg.org/snonux/yoga/internal/app/model_keys.go:154.57,155.26 1 1
codeberg.org/snonux/yoga/internal/app/model_keys.go:155.26,158.3 2 1
codeberg.org/snonux/yoga/internal/app/model_keys.go:159.2,163.15 5 1
codeberg.org/snonux/yoga/internal/app/model_sort.go:10.46,11.27 1 1
codeberg.org/snonux/yoga/internal/app/model_sort.go:11.27,14.3 2 1
codeberg.org/snonux/yoga/internal/app/model_sort.go:15.2,16.24 2 1
codeberg.org/snonux/yoga/internal/app/model_sort.go:19.39,21.29 2 1
codeberg.org/snonux/yoga/internal/app/model_sort.go:21.29,22.25 1 1
codeberg.org/snonux/yoga/internal/app/model_sort.go:22.25,24.4 1 1
codeberg.org/snonux/yoga/internal/app/model_sort.go:26.2,26.43 1 1
codeberg.org/snonux/yoga/internal/app/model_sort.go:26.43,28.3 1 1
codeberg.org/snonux/yoga/internal/app/model_sort.go:29.2,30.21 2 1
codeberg.org/snonux/yoga/internal/app/model_sort.go:33.39,35.21 2 1
codeberg.org/snonux/yoga/internal/app/model_sort.go:36.18,37.59 1 1
codeberg.org/snonux/yoga/internal/app/model_sort.go:38.22,39.33 1 1
codeberg.org/snonux/yoga/internal/app/model_sort.go:40.17,41.37 1 0
codeberg.org/snonux/yoga/internal/app/model_sort.go:43.2,43.21 1 1
codeberg.org/snonux/yoga/internal/app/model_sort.go:43.21,45.3 1 1
codeberg.org/snonux/yoga/internal/app/model_sort.go:46.2,46.14 1 0
codeberg.org/snonux/yoga/internal/app/model_sort.go:49.35,51.31 2 1
codeberg.org/snonux/yoga/internal/app/model_sort.go:51.31,53.3 1 1
codeberg.org/snonux/yoga/internal/app/model_sort.go:54.2,55.19 2 1
codeberg.org/snonux/yoga/internal/app/model_sort.go:55.19,57.3 1 1
codeberg.org/snonux/yoga/internal/app/model_tags.go:12.53,13.26 1 1
codeberg.org/snonux/yoga/internal/app/model_tags.go:13.26,16.3 2 0
codeberg.org/snonux/yoga/internal/app/model_tags.go:17.2,18.45 2 1
codeberg.org/snonux/yoga/internal/app/model_tags.go:18.45,21.3 2 0
codeberg.org/snonux/yoga/internal/app/model_tags.go:22.2,30.15 9 1
codeberg.org/snonux/yoga/internal/app/model_tags.go:33.66,34.22 1 1
codeberg.org/snonux/yoga/internal/app/model_tags.go:35.13,40.16 5 0
codeberg.org/snonux/yoga/internal/app/model_tags.go:41.15,42.24 1 1
codeberg.org/snonux/yoga/internal/app/model_tags.go:44.2,46.15 3 0
codeberg.org/snonux/yoga/internal/app/model_tags.go:49.50,50.25 1 1
codeberg.org/snonux/yoga/internal/app/model_tags.go:50.25,55.3 4 0
codeberg.org/snonux/yoga/internal/app/model_tags.go:56.2,64.35 9 1
codeberg.org/snonux/yoga/internal/app/model_tags.go:67.71,68.20 1 1
codeberg.org/snonux/yoga/internal/app/model_tags.go:68.20,75.3 6 0
codeberg.org/snonux/yoga/internal/app/model_tags.go:76.2,83.24 8 1
codeberg.org/snonux/yoga/internal/app/model_tags.go:83.24,86.3 2 0
codeberg.org/snonux/yoga/internal/app/model_tags.go:87.2,88.15 2 1
codeberg.org/snonux/yoga/internal/app/model_tags.go:91.58,92.26 1 1
codeberg.org/snonux/yoga/internal/app/model_tags.go:92.26,93.31 1 1
codeberg.org/snonux/yoga/internal/app/model_tags.go:93.31,96.4 2 1
codeberg.org/snonux/yoga/internal/app/model_tags.go:100.43,101.36 1 1
codeberg.org/snonux/yoga/internal/app/model_tags.go:101.36,103.3 1 1
codeberg.org/snonux/yoga/internal/app/model_tags.go:104.2,107.29 4 1
codeberg.org/snonux/yoga/internal/app/model_tags.go:107.29,109.20 2 1
codeberg.org/snonux/yoga/internal/app/model_tags.go:109.20,110.12 1 1
codeberg.org/snonux/yoga/internal/app/model_tags.go:112.3,113.31 2 1
codeberg.org/snonux/yoga/internal/app/model_tags.go:113.31,114.12 1 1
codeberg.org/snonux/yoga/internal/app/model_tags.go:116.3,117.31 2 1
codeberg.org/snonux/yoga/internal/app/model_tags.go:119.2,119.13 1 1
codeberg.org/snonux/yoga/internal/app/model_tags.go:122.53,125.2 2 1
codeberg.org/snonux/yoga/internal/app/model_tags.go:127.40,135.2 7 0
codeberg.org/snonux/yoga/internal/app/tag_commands.go:8.57,11.24 2 1
codeberg.org/snonux/yoga/internal/app/tag_commands.go:11.24,12.49 1 1
codeberg.org/snonux/yoga/internal/app/tag_commands.go:12.49,14.4 1 0
codeberg.org/snonux/yoga/internal/app/tag_commands.go:15.3,16.17 2 1
codeberg.org/snonux/yoga/internal/app/tag_commands.go:16.17,18.4 1 0
codeberg.org/snonux/yoga/internal/app/tag_commands.go:19.3,19.51 1 1
codeberg.org/snonux/yoga/internal/app/view_helpers.go:12.34,14.20 2 1
codeberg.org/snonux/yoga/internal/app/view_helpers.go:14.20,16.3 1 1
codeberg.org/snonux/yoga/internal/app/view_helpers.go:17.2,19.18 3 1
codeberg.org/snonux/yoga/internal/app/view_helpers.go:19.18,21.3 1 1
codeberg.org/snonux/yoga/internal/app/view_helpers.go:22.2,22.47 1 1
codeberg.org/snonux/yoga/internal/app/view_helpers.go:25.55,26.30 1 1
codeberg.org/snonux/yoga/internal/app/view_helpers.go:26.30,28.3 1 1
codeberg.org/snonux/yoga/internal/app/view_helpers.go:29.2,29.14 1 1
codeberg.org/snonux/yoga/internal/app/view_helpers.go:29.14,31.3 1 1
codeberg.org/snonux/yoga/internal/app/view_helpers.go:32.2,32.18 1 1
codeberg.org/snonux/yoga/internal/app/view_helpers.go:32.18,34.3 1 0
codeberg.org/snonux/yoga/internal/app/view_helpers.go:35.2,36.20 2 1
codeberg.org/snonux/yoga/internal/app/view_helpers.go:36.20,38.3 1 0
codeberg.org/snonux/yoga/internal/app/view_helpers.go:39.2,40.33 2 1
codeberg.org/snonux/yoga/internal/app/view_helpers.go:43.45,44.12 1 1
codeberg.org/snonux/yoga/internal/app/view_helpers.go:44.12,46.3 1 0
codeberg.org/snonux/yoga/internal/app/view_helpers.go:47.2,51.15 5 1
codeberg.org/snonux/yoga/internal/app/view_helpers.go:51.15,53.3 1 0
codeberg.org/snonux/yoga/internal/app/view_helpers.go:54.2,54.51 1 1
codeberg.org/snonux/yoga/internal/app/view_helpers.go:57.38,58.16 1 1
codeberg.org/snonux/yoga/internal/app/view_helpers.go:58.16,60.3 1 1
codeberg.org/snonux/yoga/internal/app/view_helpers.go:61.2,62.23 2 1
codeberg.org/snonux/yoga/internal/app/view_helpers.go:62.23,64.3 1 1
codeberg.org/snonux/yoga/internal/app/view_helpers.go:65.2,65.21 1 1
codeberg.org/snonux/yoga/internal/app/view_helpers.go:65.21,67.3 1 0
codeberg.org/snonux/yoga/internal/app/view_helpers.go:68.2,68.24 1 1
codeberg.org/snonux/yoga/internal/app/view_helpers.go:68.24,70.3 1 1
codeberg.org/snonux/yoga/internal/app/view_helpers.go:71.2,71.31 1 0
codeberg.org/snonux/yoga/internal/app/view_helpers.go:74.35,76.49 2 1
codeberg.org/snonux/yoga/internal/app/view_helpers.go:76.49,78.3 1 0
codeberg.org/snonux/yoga/internal/app/view_helpers.go:79.2,79.13 1 1
codeberg.org/snonux/yoga/internal/app/view_helpers.go:82.39,83.20 1 1
codeberg.org/snonux/yoga/internal/app/view_helpers.go:83.20,85.3 1 1
codeberg.org/snonux/yoga/internal/app/view_helpers.go:86.2,86.33 1 1
